Using pre-set license
Built from '2022.3/release' branch; Version is '2022.3.0f1 (fb119bb0b476) revision 16454043'; Using compiler version '192829333'; Build Type 'Release'
OS: 'Windows 10  (10.0.19045) 64bit Professional' Language: 'fr' Physical Memory: 16314 MB
BatchMode: 1, IsHumanControllingUs: 0, StartBugReporterOnCrash: 0, Is64bit: 1, IsPro: 1

COMMAND LINE ARGUMENTS:
D:\UnityEditors\2022.3.0f1\Editor\Unity.exe
-adb2
-batchMode
-noUpm
-name
AssetImportWorker3
-projectPath
D:/GitHub/HDRP-Vegetation-Instancer/VegetationInstancer
-logFile
Logs/AssetImportWorker3.log
-srvPort
53685
Successfully changed project path to: D:/GitHub/HDRP-Vegetation-Instancer/VegetationInstancer
D:/GitHub/HDRP-Vegetation-Instancer/VegetationInstancer
[UnityMemory] Configuration Parameters - Can be set up in boot.config
    "memorysetup-bucket-allocator-granularity=16"
    "memorysetup-bucket-allocator-bucket-count=8"
    "memorysetup-bucket-allocator-block-size=33554432"
    "memorysetup-bucket-allocator-block-count=8"
    "memorysetup-main-allocator-block-size=16777216"
    "memorysetup-thread-allocator-block-size=16777216"
    "memorysetup-gfx-main-allocator-block-size=16777216"
    "memorysetup-gfx-thread-allocator-block-size=16777216"
    "memorysetup-cache-allocator-block-size=4194304"
    "memorysetup-typetree-allocator-block-size=2097152"
    "memorysetup-profiler-bucket-allocator-granularity=16"
    "memorysetup-profiler-bucket-allocator-bucket-count=8"
    "memorysetup-profiler-bucket-allocator-block-size=33554432"
    "memorysetup-profiler-bucket-allocator-block-count=8"
    "memorysetup-profiler-allocator-block-size=16777216"
    "memorysetup-profiler-editor-allocator-block-size=1048576"
    "memorysetup-temp-allocator-size-main=16777216"
    "memorysetup-job-temp-allocator-block-size=2097152"
    "memorysetup-job-temp-allocator-block-size-background=1048576"
    "memorysetup-job-temp-allocator-reduction-small-platforms=262144"
    "memorysetup-allocator-temp-initial-block-size-main=262144"
    "memorysetup-allocator-temp-initial-block-size-worker=262144"
    "memorysetup-temp-allocator-size-background-worker=32768"
    "memorysetup-temp-allocator-size-job-worker=262144"
    "memorysetup-temp-allocator-size-preload-manager=33554432"
    "memorysetup-temp-allocator-size-nav-mesh-worker=65536"
    "memorysetup-temp-allocator-size-audio-worker=65536"
    "memorysetup-temp-allocator-size-cloud-worker=32768"
    "memorysetup-temp-allocator-size-gi-baking-worker=262144"
    "memorysetup-temp-allocator-size-gfx=262144"
Player connection [10192] Host "[IP] 192.168.56.1 [Port] 0 [Flags] 2 [Guid] 3474030038 [EditorId] 3474030038 [Version] 1048832 [Id] WindowsEditor(7,DESKTOP-JI7KIAC) [Debug] 1 [PackageName] WindowsEditor [ProjectName] Editor" joined multi-casting on [225.0.0.222:54997]...

Player connection [10192] Host "[IP] 192.168.56.1 [Port] 0 [Flags] 2 [Guid] 3474030038 [EditorId] 3474030038 [Version] 1048832 [Id] WindowsEditor(7,DESKTOP-JI7KIAC) [Debug] 1 [PackageName] WindowsEditor [ProjectName] Editor" joined alternative multi-casting on [225.0.0.222:34997]...

received signal from system: SIGSEGV
Obtained 35 stack frames
0x00007ff766ffda0d (Unity) 
0x00007ff7670029b9 (Unity) 
0x00007ff767fe5c71 (Unity) 
0x00007ff767001e06 (Unity) 
0x00007ff766ffd23c (Unity) 
0x00007ff76942ea28 (Unity) 
0x00007ff7694f3408 (Unity) 
0x00007ff7693f83c0 ((<unknown>)) 
0x00007fff010d23af (ntdll) _chkstk
0x00007fff010814b4 (ntdll) RtlRaiseException
0x00007fff010d0ebe (ntdll) KiUserExceptionDispatcher
0x00007ff766810e60 ((<unknown>)) 
0x00007ff76680fbd8 (Unity) 
0x00007ff76681db5c (Unity) 
0x00007ff7668102f1 (Unity) 
0x00007ff76681a3be (Unity) 
0x00007ff766846a7f (Unity) 
0x00007ff767e724e5 (Unity) 
0x00007ff767e7256c (Unity) 
0x00007ff767e7708c (Unity) 
0x00007ff76684402d (Unity) 
0x00007ff766faff28 (Unity) 
0x00007ff766fa5fa6 (Unity) 
0x00007ff766fb03b9 (Unity) 
0x00007ff766fb0b91 (Unity) 
0x00007ff766fb094c (Unity) 
0x00007ff7660ef3db (Unity) 
0x00007ff7682bd8cb (Unity) 
0x00007ff768358569 (Unity) 
0x00007ff7682d58b5 (Unity) 
0x00007ff767b5190f (Unity) 
0x00007ff767ff0f75 (Unity) 
0x00007ff7693d5d2e (Unity) 
0x00007ffeff7f7614 (KERNEL32) BaseThreadInitThunk
0x00007fff010826b1 (ntdll) RtlUserThreadStart

Crash!!!
SymInit: Symbol-SearchPath: '.;D:\GitHub\HDRP-Vegetation-Instancer\VegetationInstancer;D:\GitHub\HDRP-Vegetation-Instancer\VegetationInstancer\Library\BurstCache\JIT;D:\UnityEditors\2022.3.0f1\Editor;C:\WINDOWS;C:\WINDOWS\system32;', symOptions: 534, UserName: 'abarb'
OS-Version: 10.0.0

========== OUTPUTTING STACK TRACE ==================

SymInit: Symbol-SearchPath: '.;D:\GitHub\HDRP-Vegetation-Instancer\VegetationInstancer;D:\GitHub\HDRP-Vegetation-Instancer\VegetationInstancer\Library\BurstCache\JIT;D:\UnityEditors\2022.3.0f1\Editor;C:\WINDOWS;C:\WINDOWS\system32;', symOptions: 534, UserName: 'abarb'
OS-Version: 10.0.0
SymInit: Symbol-SearchPath: '.;D:\GitHub\HDRP-Vegetation-Instancer\VegetationInstancer;D:\GitHub\HDRP-Vegetation-Instancer\VegetationInstancer\Library\BurstCache\JIT;D:\UnityEditors\2022.3.0f1\Editor;C:\WINDOWS;C:\WINDOWS\system32;', symOptions: 534, UserName: 'abarb'
OS-Version: 10.0.0
  ERROR: SymGetSymFromAddr64, GetLastError: 'Le module spécifié est introuvable.' (Address: 00007FF766FEDAF8)
0x00007FF766FEDAF8 (Unity) (function-name not available)
  ERROR: SymGetSymFromAddr64, GetLastError: 'Le module spécifié est introuvable.' (Address: 00007FF766FEDC11)
0x00007FF766FEDC11 (Unity) (function-name not available)
  ERROR: SymGetSymFromAddr64, GetLastError: 'Le module spécifié est introuvable.' (Address: 00007FF766FFD37A)
0x00007FF766FFD37A (Unity) (function-name not available)
  ERROR: SymGetSymFromAddr64, GetLastError: 'Unknown error [-529697949]' (Address: 00007FF76942EA28)
0x00007FF76942EA28 (Unity) (function-name not available)
  ERROR: SymGetSymFromAddr64, GetLastError: 'Le module spécifié est introuvable.' (Address: 00007FF7694F3408)
0x00007FF7694F3408 (Unity) (function-name not available)
  ERROR: SymGetSymFromAddr64, GetLastError: 'Le module spécifié est introuvable.' (Address: 00007FF7693F83C0)
0x00007FF7693F83C0 (Unity) (function-name not available)
0x00007FFF010D23AF (ntdll) _chkstk
0x00007FFF010814B4 (ntdll) RtlRaiseException
0x00007FFF010D0EBE (ntdll) KiUserExceptionDispatcher
  ERROR: SymGetSymFromAddr64, GetLastError: 'Le module spécifié est introuvable.' (Address: 00007FF766810E60)
0x00007FF766810E60 (Unity) (function-name not available)
  ERROR: SymGetSymFromAddr64, GetLastError: 'Le module spécifié est introuvable.' (Address: 00007FF76680FBD8)
0x00007FF76680FBD8 (Unity) (function-name not available)
  ERROR: SymGetSymFromAddr64, GetLastError: 'Le module spécifié est introuvable.' (Address: 00007FF76681DB5C)
0x00007FF76681DB5C (Unity) (function-name not available)
  ERROR: SymGetSymFromAddr64, GetLastError: 'Le module spécifié est introuvable.' (Address: 00007FF7668102F1)
0x00007FF7668102F1 (Unity) (function-name not available)
  ERROR: SymGetSymFromAddr64, GetLastError: 'Le module spécifié est introuvable.' (Address: 00007FF76681A3BE)
0x00007FF76681A3BE (Unity) (function-name not available)
  ERROR: SymGetSymFromAddr64, GetLastError: 'Le module spécifié est introuvable.' (Address: 00007FF766846A7F)
0x00007FF766846A7F (Unity) (function-name not available)
  ERROR: SymGetSymFromAddr64, GetLastError: 'Le module spécifié est introuvable.' (Address: 00007FF767E724E5)
0x00007FF767E724E5 (Unity) (function-name not available)
  ERROR: SymGetSymFromAddr64, GetLastError: 'Le module spécifié est introuvable.' (Address: 00007FF767E7256C)
0x00007FF767E7256C (Unity) (function-name not available)
  ERROR: SymGetSymFromAddr64, GetLastError: 'Le module spécifié est introuvable.' (Address: 00007FF767E7708C)
0x00007FF767E7708C (Unity) (function-name not available)
  ERROR: SymGetSymFromAddr64, GetLastError: 'Le module spécifié est introuvable.' (Address: 00007FF76684402D)
0x00007FF76684402D (Unity) (function-name not available)
  ERROR: SymGetSymFromAddr64, GetLastError: 'Le module spécifié est introuvable.' (Address: 00007FF766FAFF28)
0x00007FF766FAFF28 (Unity) (function-name not available)
  ERROR: SymGetSymFromAddr64, GetLastError: 'Le module spécifié est introuvable.' (Address: 00007FF766FA5FA6)
0x00007FF766FA5FA6 (Unity) (function-name not available)
  ERROR: SymGetSymFromAddr64, GetLastError: 'Le module spécifié est introuvable.' (Address: 00007FF766FB03B9)
0x00007FF766FB03B9 (Unity) (function-name not available)
  ERROR: SymGetSymFromAddr64, GetLastError: 'Le module spécifié est introuvable.' (Address: 00007FF766FB0B91)
0x00007FF766FB0B91 (Unity) (function-name not available)
  ERROR: SymGetSymFromAddr64, GetLastError: 'Le module spécifié est introuvable.' (Address: 00007FF766FB094C)
0x00007FF766FB094C (Unity) (function-name not available)
  ERROR: SymGetSymFromAddr64, GetLastError: 'Le module spécifié est introuvable.' (Address: 00007FF7660EF3DB)
0x00007FF7660EF3DB (Unity) (function-name not available)
  ERROR: SymGetSymFromAddr64, GetLastError: 'Le module spécifié est introuvable.' (Address: 00007FF7682BD8CB)
0x00007FF7682BD8CB (Unity) (function-name not available)
  ERROR: SymGetSymFromAddr64, GetLastError: 'Le module spécifié est introuvable.' (Address: 00007FF768358569)
0x00007FF768358569 (Unity) (function-name not available)
  ERROR: SymGetSymFromAddr64, GetLastError: 'Le module spécifié est introuvable.' (Address: 00007FF7682D58B5)
0x00007FF7682D58B5 (Unity) (function-name not available)
  ERROR: SymGetSymFromAddr64, GetLastError: 'Le module spécifié est introuvable.' (Address: 00007FF767B5190F)
0x00007FF767B5190F (Unity) (function-name not available)
  ERROR: SymGetSymFromAddr64, GetLastError: 'Le module spécifié est introuvable.' (Address: 00007FF767FF0F75)
0x00007FF767FF0F75 (Unity) (function-name not available)
  ERROR: SymGetSymFromAddr64, GetLastError: 'Le module spécifié est introuvable.' (Address: 00007FF7693D5D2E)
0x00007FF7693D5D2E (Unity) (function-name not available)
0x00007FFEFF7F7614 (KERNEL32) BaseThreadInitThunk
0x00007FFF010826B1 (ntdll) RtlUserThreadStart

========== END OF STACKTRACE ===========

A crash has been intercepted by the crash handler. For call stack and other details, see the latest crash report generated in:
 * C:/Users/abarb/AppData/Local/Temp/Unity/Editor/Crashes
