Using pre-set license
Built from '2022.3/release' branch; Version is '2022.3.0f1 (fb119bb0b476) revision 16454043'; Using compiler version '192829333'; Build Type 'Release'
OS: 'Windows 10  (10.0.19045) 64bit Professional' Language: 'fr' Physical Memory: 16314 MB
BatchMode: 1, IsHumanControllingUs: 0, StartBugReporterOnCrash: 0, Is64bit: 1, IsPro: 1

COMMAND LINE ARGUMENTS:
D:\UnityEditors\2022.3.0f1\Editor\Unity.exe
-adb2
-batchMode
-noUpm
-name
AssetImportWorker4
-projectPath
D:/GitHub/HDRP-Vegetation-Instancer/VegetationInstancer
-logFile
Logs/AssetImportWorker4.log
-srvPort
53685
Successfully changed project path to: D:/GitHub/HDRP-Vegetation-Instancer/VegetationInstancer
D:/GitHub/HDRP-Vegetation-Instancer/VegetationInstancer
[UnityMemory] Configuration Parameters - Can be set up in boot.config
    "memorysetup-bucket-allocator-granularity=16"
    "memorysetup-bucket-allocator-bucket-count=8"
    "memorysetup-bucket-allocator-block-size=33554432"
    "memorysetup-bucket-allocator-block-count=8"
    "memorysetup-main-allocator-block-size=16777216"
    "memorysetup-thread-allocator-block-size=16777216"
    "memorysetup-gfx-main-allocator-block-size=16777216"
    "memorysetup-gfx-thread-allocator-block-size=16777216"
    "memorysetup-cache-allocator-block-size=4194304"
    "memorysetup-typetree-allocator-block-size=2097152"
    "memorysetup-profiler-bucket-allocator-granularity=16"
    "memorysetup-profiler-bucket-allocator-bucket-count=8"
    "memorysetup-profiler-bucket-allocator-block-size=33554432"
    "memorysetup-profiler-bucket-allocator-block-count=8"
    "memorysetup-profiler-allocator-block-size=16777216"
    "memorysetup-profiler-editor-allocator-block-size=1048576"
    "memorysetup-temp-allocator-size-main=16777216"
    "memorysetup-job-temp-allocator-block-size=2097152"
    "memorysetup-job-temp-allocator-block-size-background=1048576"
    "memorysetup-job-temp-allocator-reduction-small-platforms=262144"
    "memorysetup-allocator-temp-initial-block-size-main=262144"
    "memorysetup-allocator-temp-initial-block-size-worker=262144"
    "memorysetup-temp-allocator-size-background-worker=32768"
    "memorysetup-temp-allocator-size-job-worker=262144"
    "memorysetup-temp-allocator-size-preload-manager=33554432"
    "memorysetup-temp-allocator-size-nav-mesh-worker=65536"
    "memorysetup-temp-allocator-size-audio-worker=65536"
    "memorysetup-temp-allocator-size-cloud-worker=32768"
    "memorysetup-temp-allocator-size-gi-baking-worker=262144"
    "memorysetup-temp-allocator-size-gfx=262144"
Player connection [20804] Host "[IP] 192.168.56.1 [Port] 0 [Flags] 2 [Guid] 725924960 [EditorId] 725924960 [Version] 1048832 [Id] WindowsEditor(7,DESKTOP-JI7KIAC) [Debug] 1 [PackageName] WindowsEditor [ProjectName] Editor" joined multi-casting on [225.0.0.222:54997]...

Player connection [20804] Host "[IP] 192.168.56.1 [Port] 0 [Flags] 2 [Guid] 725924960 [EditorId] 725924960 [Version] 1048832 [Id] WindowsEditor(7,DESKTOP-JI7KIAC) [Debug] 1 [PackageName] WindowsEditor [ProjectName] Editor" joined alternative multi-casting on [225.0.0.222:34997]...

Refreshing native plugins compatible for Editor in 25.59 ms, found 4 plugins.
Preloading 0 native plugins for Editor in 0.00 ms.
Initialize engine version: 2022.3.0f1 (fb119bb0b476)
[Subsystems] Discovering subsystems at path D:/UnityEditors/2022.3.0f1/Editor/Data/Resources/UnitySubsystems
[Subsystems] Discovering subsystems at path D:/GitHub/HDRP-Vegetation-Instancer/VegetationInstancer/Assets
GfxDevice: creating device client; threaded=0; jobified=0
Direct3D:
    Version:  Direct3D 11.0 [level 11.1]
    Renderer: Microsoft Basic Render Driver (ID=0x8c)
    Vendor:   Microsoft
    VRAM:     8157 MB
d3d11: failed to create 2D texture id=22 width=16 height=16 mips=1 dxgifmt=29 [D3D error was 8007000e]
d3d11: failed to create 2D texture shader resource view id=22 [D3D error was 80070057]
d3d11: Failed to create 2D texture in GfxDeviceD3D11
d3d11: failed to create staging 2D texture w=1 h=1 d3dfmt=28 [887a0005]
d3d11: failed to create staging 2D texture w=1 h=1 d3dfmt=28 [887a0005]
d3d11: failed to create staging 2D texture w=1 h=1 d3dfmt=28 [887a0005]
d3d11: failed to create staging 2D texture w=1 h=1 d3dfmt=28 [887a0005]
d3d11: failed to create staging 2D texture w=1 h=1 d3dfmt=28 [887a0005]
d3d11: failed to create Cube texture id=26 width=1 height=1 mips=1 dxgifmt=29 [D3D error was 887a0005]
d3d11: failed to create Cube texture shader resource view id=26 [D3D error was 80070057]
failed to create cubemap
d3d11: failed to create 2D texture id=27 width=4 height=4 mips=1 dxgifmt=65 [D3D error was 887a0005]
d3d11: failed to create 2D texture shader resource view id=27 [D3D error was 80070057]
d3d11: Failed to create 2D texture in GfxDeviceD3D11
d3d11: failed to create 3D texture id=29 s=4x4x16 mips=1 d3dfmt=65 [887a0005]
d3d11: failed to create 3D texture view id=29 [80070057]
failed to create 3D texture
d3d11: failed to create 2D texture id=28 width=4 height=64 mips=1 dxgifmt=65 [D3D error was 887a0005]
d3d11: failed to create 2D texture shader resource view id=28 [D3D error was 80070057]
d3d11: Failed to create 2D texture in GfxDeviceD3D11
d3d11: failed to create 2D texture id=30 width=256 height=64 mips=1 dxgifmt=56 [D3D error was 887a0005]
d3d11: failed to create 2D texture shader resource view id=30 [D3D error was 80070057]
d3d11: Failed to create 2D texture in GfxDeviceD3D11
Assertion failed on expression: 'SUCCEEDED(hr)'
Assertion failed on expression: 'SUCCEEDED(hr)'
received signal from system: SIGSEGV
Obtained 0 stack frames

Crash!!!
  ERROR: Error while initializing dbghelp.dll, GetLastError: 'L’opération a réussi.' (Address: 0000000000000000)

========== OUTPUTTING STACK TRACE ==================

  ERROR: Error while initializing dbghelp.dll, GetLastError: 'L’opération a réussi.' (Address: 0000000000000000)

========== END OF STACKTRACE ===========

A crash has been intercepted by the crash handler. For call stack and other details, see the latest crash report generated in:
 * C:/Users/abarb/AppData/Local/Temp/Unity/Editor/Crashes
