Base path: 'D:/UnityEditors/Unity 2022.3.7f1/Editor/Data', plugins path 'D:/UnityEditors/Unity 2022.3.7f1/Editor/Data/PlaybackEngines'
Cmd: initializeCompiler


Cmd: initializeCompiler

Cmd: preprocess
 insize=72415 file=Assets/VegetationInstancer/Demo/Prefabs/Shaders/Lit_GPUInstancedIndirect.shader surfaceOnly=0 buildPlatform=19 validAPIs=295472 pKW=SHADER_API_DESKTOP dKW=UNITY_NO_DXT5nm UNITY_ENABLE_REFLECTION_BUFFERS UNITY_FRAMEBUFFER_FETCH_AVAILABLE UNITY_METAL_SHADOWS_USE_POINT_FILTERING UNITY_NO_SCREENSPACE_SHADOWS UNITY_USE_DITHER_MASK_FOR_ALPHABLENDED_SHADOWS UNITY_PBS_USE_BRDF1 UNITY_PBS_USE_BRDF2 UNITY_PBS_USE_BRDF3 UNITY_NO_FULL_STANDARD_SHADER UNITY_SPECCUBE_BOX_PROJECTION UNITY_SPECCUBE_BLENDING UNITY_ENABLE_DETAIL_NORMALMAP UNITY_HARDWARE_TIER1 UNITY_HARDWARE_TIER2 UNITY_HARDWARE_TIER3 UNITY_COLORSPACE_GAMMA UNITY_LIGHT_PROBE_PROXY_VOLUME UNITY_HALF_PRECISION_FRAGMENT_SHADER_REGISTERS UNITY_LIGHTMAP_DLDR_ENCODING UNITY_LIGHTMAP_RGBM_ENCODING UNITY_LIGHTMAP_FULL_HDR UNITY_VIRTUAL_TEXTURING UNITY_PRETRANSFORM_TO_DISPLAY_ORIENTATION UNITY_ASTC_NORMALMAP_ENCODING SHADER_API_GLES30 UNITY_UNIFIED_SHADER_PRECISION_MODEL  error: 2 plat 26 at (413): Couldn't open include file 'Assets/VladislavTsurikov/RendererStack/Shaders/Include/GPUInstancedIndirectInclude.cginc'.
  error: 2 plat 26 at (452): Couldn't open include file 'Assets/VladislavTsurikov/RendererStack/Shaders/Include/GPUInstancedIndirectInclude.cginc'.
  error: 2 plat 26 at (523): Couldn't open include file 'Assets/VladislavTsurikov/RendererStack/Shaders/Include/GPUInstancedIndirectInclude.cginc'.
  error: 2 plat 26 at (566): Couldn't open include file 'Assets/VladislavTsurikov/RendererStack/Shaders/Include/GPUInstancedIndirectInclude.cginc'.
  error: 2 plat 26 at (603): Couldn't open include file 'Assets/VladislavTsurikov/RendererStack/Shaders/Include/GPUInstancedIndirectInclude.cginc'.
  error: 2 plat 26 at (658): Couldn't open include file 'Assets/VladislavTsurikov/RendererStack/Shaders/Include/GPUInstancedIndirectInclude.cginc'.
  error: 2 plat 26 at (709): Couldn't open include file 'Assets/VladislavTsurikov/RendererStack/Shaders/Include/GPUInstancedIndirectInclude.cginc'.
  error: 2 plat 26 at (760): Couldn't open include file 'Assets/VladislavTsurikov/RendererStack/Shaders/Include/GPUInstancedIndirectInclude.cginc'.
  error: 2 plat 26 at (838): Couldn't open include file 'Assets/VladislavTsurikov/RendererStack/Shaders/Include/GPUInstancedIndirectInclude.cginc'.
  error: 2 plat 26 at (932): Couldn't open include file 'Assets/VladislavTsurikov/RendererStack/Shaders/Include/GPUInstancedIndirectInclude.cginc'.
  error: 2 plat 26 at (965): Couldn't open include file 'Assets/VladislavTsurikov/RendererStack/Shaders/Include/GPUInstancedIndirectInclude.cginc'.
  error: 2 plat 26 at (997): Couldn't open include file 'Assets/VladislavTsurikov/RendererStack/Shaders/Include/GPUInstancedIndirectInclude.cginc'.
  error: 2 plat 26 at (1030): Couldn't open include file 'Assets/VladislavTsurikov/RendererStack/Shaders/Include/GPUInstancedIndirectInclude.cginc'.
  error: 2 plat 26 at (1089): Couldn't open include file 'Assets/VladislavTsurikov/RendererStack/Shaders/Include/GPUInstancedIndirectInclude.cginc'.
  error: 2 plat 26 at (1141): Couldn't open include file 'Assets/VladislavTsurikov/RendererStack/Shaders/Include/GPUInstancedIndirectInclude.cginc'.
  error: 2 plat 26 at (1182): Couldn't open include file 'Assets/VladislavTsurikov/RendererStack/Shaders/Include/GPUInstancedIndirectInclude.cginc'.
  error: 2 plat 26 at (1214): Couldn't open include file 'Assets/VladislavTsurikov/RendererStack/Shaders/Include/GPUInstancedIndirectInclude.cginc'.
  error: 2 plat 26 at (1251): Couldn't open include file 'Assets/VladislavTsurikov/RendererStack/Shaders/Include/GPUInstancedIndirectInclude.cginc'.
  error: 2 plat 26 at (1278): Couldn't open include file 'Assets/VladislavTsurikov/RendererStack/Shaders/Include/GPUInstancedIndirectInclude.cginc'.
  error: 2 plat 26 at (1330): Couldn't open include file 'Assets/VladislavTsurikov/RendererStack/Shaders/Include/GPUInstancedIndirectInclude.cginc'.
 ok=0 outsize=23103

Cmd: preprocess
 insize=1519445 file=Assets/VegetationInstancer/Demo/Prefabs/Shaders/grass_GPUInstancedIndirect.shader surfaceOnly=0 buildPlatform=19 validAPIs=295472 pKW=SHADER_API_DESKTOP dKW=UNITY_NO_DXT5nm UNITY_ENABLE_REFLECTION_BUFFERS UNITY_FRAMEBUFFER_FETCH_AVAILABLE UNITY_METAL_SHADOWS_USE_POINT_FILTERING UNITY_NO_SCREENSPACE_SHADOWS UNITY_USE_DITHER_MASK_FOR_ALPHABLENDED_SHADOWS UNITY_PBS_USE_BRDF1 UNITY_PBS_USE_BRDF2 UNITY_PBS_USE_BRDF3 UNITY_NO_FULL_STANDARD_SHADER UNITY_SPECCUBE_BOX_PROJECTION UNITY_SPECCUBE_BLENDING UNITY_ENABLE_DETAIL_NORMALMAP UNITY_HARDWARE_TIER1 UNITY_HARDWARE_TIER2 UNITY_HARDWARE_TIER3 UNITY_COLORSPACE_GAMMA UNITY_LIGHT_PROBE_PROXY_VOLUME UNITY_HALF_PRECISION_FRAGMENT_SHADER_REGISTERS UNITY_LIGHTMAP_DLDR_ENCODING UNITY_LIGHTMAP_RGBM_ENCODING UNITY_LIGHTMAP_FULL_HDR UNITY_VIRTUAL_TEXTURING UNITY_PRETRANSFORM_TO_DISPLAY_ORIENTATION UNITY_ASTC_NORMALMAP_ENCODING SHADER_API_GLES30 UNITY_UNIFIED_SHADER_PRECISION_MODEL  error: 2 plat 26 at (1609): Couldn't open include file 'Assets/VladislavTsurikov/RendererStack/Shaders/Include/GPUInstancedIndirectInclude.cginc'.
  error: 2 plat 26 at (2911): Couldn't open include file 'Assets/VladislavTsurikov/RendererStack/Shaders/Include/GPUInstancedIndirectInclude.cginc'.
  error: 2 plat 26 at (4782): Couldn't open include file 'Assets/VladislavTsurikov/RendererStack/Shaders/Include/GPUInstancedIndirectInclude.cginc'.
  error: 2 plat 26 at (6631): Couldn't open include file 'Assets/VladislavTsurikov/RendererStack/Shaders/Include/GPUInstancedIndirectInclude.cginc'.
  error: 2 plat 26 at (8514): Couldn't open include file 'Assets/VladislavTsurikov/RendererStack/Shaders/Include/GPUInstancedIndirectInclude.cginc'.
  error: 2 plat 26 at (10151): Couldn't open include file 'Assets/VladislavTsurikov/RendererStack/Shaders/Include/GPUInstancedIndirectInclude.cginc'.
  error: 2 plat 26 at (11997): Couldn't open include file 'Assets/VladislavTsurikov/RendererStack/Shaders/Include/GPUInstancedIndirectInclude.cginc'.
  error: 2 plat 26 at (13881): Couldn't open include file 'Assets/VladislavTsurikov/RendererStack/Shaders/Include/GPUInstancedIndirectInclude.cginc'.
  error: 2 plat 26 at (15842): Couldn't open include file 'Assets/VladislavTsurikov/RendererStack/Shaders/Include/GPUInstancedIndirectInclude.cginc'.
  error: 2 plat 26 at (17814): Couldn't open include file 'Assets/VladislavTsurikov/RendererStack/Shaders/Include/GPUInstancedIndirectInclude.cginc'.
  error: 2 plat 26 at (19661): Couldn't open include file 'Assets/VladislavTsurikov/RendererStack/Shaders/Include/GPUInstancedIndirectInclude.cginc'.
  error: 2 plat 26 at (20701): Couldn't open include file 'Assets/VladislavTsurikov/RendererStack/Shaders/Include/GPUInstancedIndirectInclude.cginc'.
  error: 2 plat 26 at (21682): Couldn't open include file 'Assets/VladislavTsurikov/RendererStack/Shaders/Include/GPUInstancedIndirectInclude.cginc'.
  error: 2 plat 26 at (22709): Couldn't open include file 'Assets/VladislavTsurikov/RendererStack/Shaders/Include/GPUInstancedIndirectInclude.cginc'.
  error: 2 plat 26 at (23734): Couldn't open include file 'Assets/VladislavTsurikov/RendererStack/Shaders/Include/GPUInstancedIndirectInclude.cginc'.
  error: 2 plat 26 at (23774): Couldn't open include file 'Assets/VladislavTsurikov/RendererStack/Shaders/Include/GPUInstancedIndirectInclude.cginc'.
  error: 2 plat 26 at (24794): Couldn't open include file 'Assets/VladislavTsurikov/RendererStack/Shaders/Include/GPUInstancedIndirectInclude.cginc'.
 ok=0 outsize=16158

Cmd: compileSnippet
  insize=9640 file=Assets/VegetationInstancer/Demo/Prefabs/Shaders/GPUInstancedIndirect/HDRP/Lit pass=ShadowCaster ppOnly=0 stripLineD=0 buildPlatform=19 rsLen=0 pKW=UNITY_ENABLE_REFLECTION_BUFFERS UNITY_USE_DITHER_MASK_FOR_ALPHABLENDED_SHADOWS UNITY_PBS_USE_BRDF1 UNITY_SPECCUBE_BOX_PROJECTION UNITY_SPECCUBE_BLENDING UNITY_ENABLE_DETAIL_NORMALMAP SHADER_API_DESKTOP UNITY_LIGHT_PROBE_PROXY_VOLUME UNITY_LIGHTMAP_FULL_HDR UNITY_PASS_SHADOWCASTER uKW= dKW=_SURFACE_TYPE_TRANSPARENT DOTS_INSTANCING_ON LOD_FADE_CROSSFADE _VERTEX_DISPLACEMENT_LOCK_OBJECT_SCALE _ALPHATEST_ON _DOUBLESIDED_ON _VERTEX_DISPLACEMENT _PIXEL_DISPLACEMENT _DISPLACEMENT_LOCK_TILING_SCALE _MAPPING_PLANAR _MAPPING_TRIPLANAR _REQUIRE_UV2 _REQUIRE_UV3 _NORMALMAP _HEIGHTMAP _DISABLE_SSR_TRANSPARENT _TRANSPARENT_WRITES_MOTION_VEC _ADD_PRECOMPUTED_VELOCITY UNITY_NO_DXT5nm UNITY_FRAMEBUFFER_FETCH_AVAILABLE UNITY_METAL_SHADOWS_USE_POINT_FILTERING UNITY_NO_SCREENSPACE_SHADOWS UNITY_PBS_USE_BRDF2 UNITY_PBS_USE_BRDF3 UNITY_NO_FULL_STANDARD_SHADER UNITY_HARDWARE_TIER1 UNITY_HARDWARE_TIER2 UNITY_HARDWARE_TIER3 UNITY_COLORSPACE_GAMMA UNITY_HALF_PRECISION_FRAGMENT_SHADER_REGISTERS UNITY_LIGHTMAP_DLDR_ENCODING UNITY_LIGHTMAP_RGBM_ENCODING UNITY_VIRTUAL_TEXTURING UNITY_PRETRANSFORM_TO_DISPLAY_ORIENTATION UNITY_ASTC_NORMALMAP_ENCODING SHADER_API_GLES30 UNITY_UNIFIED_SHADER_PRECISION_MODEL flags=0 lang=3 type=Vertex platform=d3d11 reqs=1101803 mask=6 start=586  error: 2 plat 26 at (603): Couldn't open include file 'Assets/VladislavTsurikov/RendererStack/Shaders/Include/GPUInstancedIndirectInclude.cginc'.
 ok=0 outsize=0

Cmd: compileSnippet
  insize=9640 file=Assets/VegetationInstancer/Demo/Prefabs/Shaders/GPUInstancedIndirect/HDRP/Lit pass=ShadowCaster ppOnly=0 stripLineD=0 buildPlatform=19 rsLen=0 pKW=UNITY_ENABLE_REFLECTION_BUFFERS UNITY_USE_DITHER_MASK_FOR_ALPHABLENDED_SHADOWS UNITY_PBS_USE_BRDF1 UNITY_SPECCUBE_BOX_PROJECTION UNITY_SPECCUBE_BLENDING UNITY_ENABLE_DETAIL_NORMALMAP SHADER_API_DESKTOP UNITY_LIGHT_PROBE_PROXY_VOLUME UNITY_LIGHTMAP_FULL_HDR UNITY_PASS_SHADOWCASTER uKW= dKW=_SURFACE_TYPE_TRANSPARENT DOTS_INSTANCING_ON LOD_FADE_CROSSFADE _DEPTHOFFSET_ON _PIXEL_DISPLACEMENT_LOCK_OBJECT_SCALE _REFRACTION_PLANE _REFRACTION_SPHERE _REFRACTION_THIN _EMISSIVE_MAPPING_PLANAR _EMISSIVE_MAPPING_TRIPLANAR _EMISSIVE_MAPPING_BASE _NORMALMAP_TANGENT_SPACE _MASKMAP _BENTNORMALMAP _EMISSIVE_COLOR_MAP _ENABLESPECULAROCCLUSION _SPECULAR_OCCLUSION_NONE _SPECULAR_OCCLUSION_FROM_BENT_NORMAL_MAP _TANGENTMAP _ANISOTROPYMAP _DETAIL_MAP _SUBSURFACE_MASK_MAP _TRANSMISSION_MASK_MAP _THICKNESSMAP _IRIDESCENCE_THICKNESSMAP _SPECULARCOLORMAP _TRANSMITTANCECOLORMAP _DISABLE_DECALS _DISABLE_SSR _ENABLE_GEOMETRIC_SPECULAR_AA _ENABLE_FOG_ON_TRANSPARENT _MATERIAL_FEATURE_SUBSURFACE_SCATTERING _MATERIAL_FEATURE_TRANSMISSION _MATERIAL_FEATURE_ANISOTROPY _MATERIAL_FEATURE_CLEAR_COAT _MATERIAL_FEATURE_IRIDESCENCE _MATERIAL_FEATURE_SPECULAR_COLOR _ALPHATEST_ON _DOUBLESIDED_ON _VERTEX_DISPLACEMENT _PIXEL_DISPLACEMENT _DISPLACEMENT_LOCK_TILING_SCALE _MAPPING_PLANAR _MAPPING_TRIPLANAR _REQUIRE_UV2 _REQUIRE_UV3 _NORMALMAP _HEIGHTMAP _DISABLE_SSR_TRANSPARENT _TRANSPARENT_WRITES_MOTION_VEC _ADD_PRECOMPUTED_VELOCITY UNITY_NO_DXT5nm UNITY_FRAMEBUFFER_FETCH_AVAILABLE UNITY_METAL_SHADOWS_USE_POINT_FILTERING UNITY_NO_SCREENSPACE_SHADOWS UNITY_PBS_USE_BRDF2 UNITY_PBS_USE_BRDF3 UNITY_NO_FULL_STANDARD_SHADER UNITY_HARDWARE_TIER1 UNITY_HARDWARE_TIER2 UNITY_HARDWARE_TIER3 UNITY_COLORSPACE_GAMMA UNITY_HALF_PRECISION_FRAGMENT_SHADER_REGISTERS UNITY_LIGHTMAP_DLDR_ENCODING UNITY_LIGHTMAP_RGBM_ENCODING UNITY_VIRTUAL_TEXTURING UNITY_PRETRANSFORM_TO_DISPLAY_ORIENTATION UNITY_ASTC_NORMALMAP_ENCODING SHADER_API_GLES30 UNITY_UNIFIED_SHADER_PRECISION_MODEL flags=0 lang=3 type=Fragment platform=d3d11 reqs=1101803 mask=6 start=586  error: 2 plat 26 at (603): Couldn't open include file 'Assets/VladislavTsurikov/RendererStack/Shaders/Include/GPUInstancedIndirectInclude.cginc'.
 ok=0 outsize=0

Cmd: compileSnippet
  insize=89758 file=Assets/VegetationInstancer/Demo/Prefabs/Shaders/GPUInstancedIndirect/Shader Graphs/TerrainGrass pass=ShadowCaster ppOnly=0 stripLineD=0 buildPlatform=19 rsLen=0 pKW=UNITY_ENABLE_REFLECTION_BUFFERS UNITY_USE_DITHER_MASK_FOR_ALPHABLENDED_SHADOWS UNITY_PBS_USE_BRDF1 UNITY_SPECCUBE_BOX_PROJECTION UNITY_SPECCUBE_BLENDING UNITY_ENABLE_DETAIL_NORMALMAP SHADER_API_DESKTOP UNITY_LIGHT_PROBE_PROXY_VOLUME UNITY_LIGHTMAP_FULL_HDR UNITY_PASS_SHADOWCASTER uKW=MATERIAL_QUALITY_HIGH dKW=DOTS_INSTANCING_ON _SURFACE_TYPE_TRANSPARENT MATERIAL_QUALITY_MEDIUM MATERIAL_QUALITY_LOW _ALPHATEST_ON _DOUBLESIDED_ON _ADD_PRECOMPUTED_VELOCITY _TRANSPARENT_WRITES_MOTION_VEC _REFRACTION_PLANE _REFRACTION_SPHERE _REFRACTION_THIN UNITY_NO_DXT5nm UNITY_FRAMEBUFFER_FETCH_AVAILABLE UNITY_METAL_SHADOWS_USE_POINT_FILTERING UNITY_NO_SCREENSPACE_SHADOWS UNITY_PBS_USE_BRDF2 UNITY_PBS_USE_BRDF3 UNITY_NO_FULL_STANDARD_SHADER UNITY_HARDWARE_TIER1 UNITY_HARDWARE_TIER2 UNITY_HARDWARE_TIER3 UNITY_COLORSPACE_GAMMA UNITY_HALF_PRECISION_FRAGMENT_SHADER_REGISTERS UNITY_LIGHTMAP_DLDR_ENCODING UNITY_LIGHTMAP_RGBM_ENCODING UNITY_VIRTUAL_TEXTURING UNITY_PRETRANSFORM_TO_DISPLAY_ORIENTATION UNITY_ASTC_NORMALMAP_ENCODING SHADER_API_GLES30 UNITY_UNIFIED_SHADER_PRECISION_MODEL flags=0 lang=3 type=Vertex platform=d3d11 reqs=1101803 mask=6 start=113  error: 2 plat 26 at (1609): Couldn't open include file 'Assets/VladislavTsurikov/RendererStack/Shaders/Include/GPUInstancedIndirectInclude.cginc'.
 ok=0 outsize=0

Cmd: compileSnippet
  insize=89758 file=Assets/VegetationInstancer/Demo/Prefabs/Shaders/GPUInstancedIndirect/Shader Graphs/TerrainGrass pass=ShadowCaster ppOnly=0 stripLineD=0 buildPlatform=19 rsLen=0 pKW=UNITY_ENABLE_REFLECTION_BUFFERS UNITY_USE_DITHER_MASK_FOR_ALPHABLENDED_SHADOWS UNITY_PBS_USE_BRDF1 UNITY_SPECCUBE_BOX_PROJECTION UNITY_SPECCUBE_BLENDING UNITY_ENABLE_DETAIL_NORMALMAP SHADER_API_DESKTOP UNITY_LIGHT_PROBE_PROXY_VOLUME UNITY_LIGHTMAP_FULL_HDR UNITY_PASS_SHADOWCASTER uKW=MATERIAL_QUALITY_HIGH dKW=DOTS_INSTANCING_ON _SURFACE_TYPE_TRANSPARENT MATERIAL_QUALITY_MEDIUM MATERIAL_QUALITY_LOW _DEPTHOFFSET_ON _ENABLE_FOG_ON_TRANSPARENT _DISABLE_DECALS _DISABLE_SSR _DISABLE_SSR_TRANSPARENT _ALPHATEST_ON _DOUBLESIDED_ON _ADD_PRECOMPUTED_VELOCITY _TRANSPARENT_WRITES_MOTION_VEC _REFRACTION_PLANE _REFRACTION_SPHERE _REFRACTION_THIN UNITY_NO_DXT5nm UNITY_FRAMEBUFFER_FETCH_AVAILABLE UNITY_METAL_SHADOWS_USE_POINT_FILTERING UNITY_NO_SCREENSPACE_SHADOWS UNITY_PBS_USE_BRDF2 UNITY_PBS_USE_BRDF3 UNITY_NO_FULL_STANDARD_SHADER UNITY_HARDWARE_TIER1 UNITY_HARDWARE_TIER2 UNITY_HARDWARE_TIER3 UNITY_COLORSPACE_GAMMA UNITY_HALF_PRECISION_FRAGMENT_SHADER_REGISTERS UNITY_LIGHTMAP_DLDR_ENCODING UNITY_LIGHTMAP_RGBM_ENCODING UNITY_VIRTUAL_TEXTURING UNITY_PRETRANSFORM_TO_DISPLAY_ORIENTATION UNITY_ASTC_NORMALMAP_ENCODING SHADER_API_GLES30 UNITY_UNIFIED_SHADER_PRECISION_MODEL flags=0 lang=3 type=Fragment platform=d3d11 reqs=1101803 mask=6 start=113  error: 2 plat 26 at (1609): Couldn't open include file 'Assets/VladislavTsurikov/RendererStack/Shaders/Include/GPUInstancedIndirectInclude.cginc'.
 ok=0 outsize=0


Cmd: preprocess
 insize=72415 file=Assets/VegetationInstancer/Demo/Prefabs/Shaders/Lit_GPUInstancedIndirect.shader surfaceOnly=0 buildPlatform=19 validAPIs=295472 pKW=SHADER_API_DESKTOP dKW=UNITY_NO_DXT5nm UNITY_ENABLE_REFLECTION_BUFFERS UNITY_FRAMEBUFFER_FETCH_AVAILABLE UNITY_METAL_SHADOWS_USE_POINT_FILTERING UNITY_NO_SCREENSPACE_SHADOWS UNITY_USE_DITHER_MASK_FOR_ALPHABLENDED_SHADOWS UNITY_PBS_USE_BRDF1 UNITY_PBS_USE_BRDF2 UNITY_PBS_USE_BRDF3 UNITY_NO_FULL_STANDARD_SHADER UNITY_SPECCUBE_BOX_PROJECTION UNITY_SPECCUBE_BLENDING UNITY_ENABLE_DETAIL_NORMALMAP UNITY_HARDWARE_TIER1 UNITY_HARDWARE_TIER2 UNITY_HARDWARE_TIER3 UNITY_COLORSPACE_GAMMA UNITY_LIGHT_PROBE_PROXY_VOLUME UNITY_HALF_PRECISION_FRAGMENT_SHADER_REGISTERS UNITY_LIGHTMAP_DLDR_ENCODING UNITY_LIGHTMAP_RGBM_ENCODING UNITY_LIGHTMAP_FULL_HDR UNITY_VIRTUAL_TEXTURING UNITY_PRETRANSFORM_TO_DISPLAY_ORIENTATION UNITY_ASTC_NORMALMAP_ENCODING SHADER_API_GLES30 UNITY_UNIFIED_SHADER_PRECISION_MODEL ok=1 outsize=23103

Cmd: preprocess
 insize=1519445 file=Assets/VegetationInstancer/Demo/Prefabs/Shaders/grass_GPUInstancedIndirect.shader surfaceOnly=0 buildPlatform=19 validAPIs=295472 pKW=SHADER_API_DESKTOP dKW=UNITY_NO_DXT5nm UNITY_ENABLE_REFLECTION_BUFFERS UNITY_FRAMEBUFFER_FETCH_AVAILABLE UNITY_METAL_SHADOWS_USE_POINT_FILTERING UNITY_NO_SCREENSPACE_SHADOWS UNITY_USE_DITHER_MASK_FOR_ALPHABLENDED_SHADOWS UNITY_PBS_USE_BRDF1 UNITY_PBS_USE_BRDF2 UNITY_PBS_USE_BRDF3 UNITY_NO_FULL_STANDARD_SHADER UNITY_SPECCUBE_BOX_PROJECTION UNITY_SPECCUBE_BLENDING UNITY_ENABLE_DETAIL_NORMALMAP UNITY_HARDWARE_TIER1 UNITY_HARDWARE_TIER2 UNITY_HARDWARE_TIER3 UNITY_COLORSPACE_GAMMA UNITY_LIGHT_PROBE_PROXY_VOLUME UNITY_HALF_PRECISION_FRAGMENT_SHADER_REGISTERS UNITY_LIGHTMAP_DLDR_ENCODING UNITY_LIGHTMAP_RGBM_ENCODING UNITY_LIGHTMAP_FULL_HDR UNITY_VIRTUAL_TEXTURING UNITY_PRETRANSFORM_TO_DISPLAY_ORIENTATION UNITY_ASTC_NORMALMAP_ENCODING SHADER_API_GLES30 UNITY_UNIFIED_SHADER_PRECISION_MODEL ok=1 outsize=16158

Cmd: shutdown
